e:\code\cuda\dll\cudayolov8\cudayolov8\x64\release\vc142.pdb
e:\code\cuda\dll\cudayolov8\cudayolov8\x64\release\utils.obj
e:\code\cuda\dll\cudayolov8\cudayolov8\x64\release\model.obj
e:\code\cuda\dll\cudayolov8\cudayolov8\x64\release\calibrator.obj
e:\code\cuda\dll\cudayolov8\cudayolov8\x64\release\block.obj
e:\code\cuda\dll\cudayolov8\cudayolov8\x64\release\dllmain.obj
e:\code\cuda\dll\cudayolov8\cudayolov8\x64\release\cudayolov8.obj
e:\code\cuda\dll\cudayolov8\cudayolov8\x64\release\yololayer.cu.obj
e:\code\cuda\dll\cudayolov8\cudayolov8\x64\release\process.cu.obj
e:\code\cuda\dll\cudayolov8\x64\release\cudayolov8.lib
e:\code\cuda\dll\cudayolov8\x64\release\cudayolov8.exp
e:\code\cuda\dll\cudayolov8\x64\release\cudayolov8.dll
e:\code\cuda\dll\cudayolov8\cudayolov8\x64\release\cudayolov8.ipdb
e:\code\cuda\dll\cudayolov8\cudayolov8\x64\release\cudayolov8.iobj
e:\code\cuda\dll\cudayolov8\x64\release\cudayolov8.pdb
e:\code\cuda\dll\cudayolov8\cudayolov8\x64\release\process.cu.cache
e:\code\cuda\dll\cudayolov8\cudayolov8\x64\release\yololayer.cu.cache
e:\code\cuda\dll\cudayolov8\cudayolov8\x64\release\cudayolov8.tlog\cl.command.1.tlog
e:\code\cuda\dll\cudayolov8\cudayolov8\x64\release\cudayolov8.tlog\cl.read.1.tlog
e:\code\cuda\dll\cudayolov8\cudayolov8\x64\release\cudayolov8.tlog\cl.write.1.tlog
e:\code\cuda\dll\cudayolov8\cudayolov8\x64\release\cudayolov8.tlog\cudacompile.read.1u.tlog
e:\code\cuda\dll\cudayolov8\cudayolov8\x64\release\cudayolov8.tlog\cudacompile.write.1u.tlog
e:\code\cuda\dll\cudayolov8\cudayolov8\x64\release\cudayolov8.tlog\cudayolov8.write.1u.tlog
e:\code\cuda\dll\cudayolov8\cudayolov8\x64\release\cudayolov8.tlog\link.command.1.tlog
e:\code\cuda\dll\cudayolov8\cudayolov8\x64\release\cudayolov8.tlog\link.read.1.tlog
e:\code\cuda\dll\cudayolov8\cudayolov8\x64\release\cudayolov8.tlog\link.write.1.tlog
