  Compiling CUDA source file source\process.cu...
  Compiling CUDA source file plugin\yololayer.cu...
  
  E:\CODE\CUDA\DLL\cudaYolov8\cudaYolov8>"C:\Program Files\NVIDIA GPU Computing Toolkit\CUDA\v11.8\bin\nvcc.exe" -gencode=arch=compute_52,code=\"sm_52,compute_52\" --use-local-env -ccbin "C:\Program Files (x86)\Microsoft Visual Studio\2019\Community\VC\Tools\MSVC\14.29.30133\bin\HostX86\x64" -x cu   -IE:\CODE\CUDA\DLL\cudaYolov8\cudaYolov8\plugin -IE:\CODE\CUDA\DLL\cudaYolov8\cudaYolov8 -IE:\CODE\CUDA\DLL\cudaYolov8\cudaYolov8\include -I"E:\CODE\CUDA\TensorRT-8.6.1.6\include" -I"C:\Program Files\NVIDIA GPU Computing Toolkit\CUDA\v11.8\include" -I"C:\Program Files\NVIDIA GPU Computing Toolkit\CUDA\v11.8\include"  -G   --keep-dir x64\Debug  -maxrregcount=0  --machine 64 --compile -cudart static  -g  -DDLL_CUDAYOLOV8 -Xcompiler "/EHsc /W3 /nologo /Od /Fdx64\Debug\vc142.pdb /FS /Zi /RTC1 /MDd " -o E:\CODE\CUDA\DLL\cudaYolov8\cudaYolov8\x64\Debug\process.cu.obj "E:\CODE\CUDA\DLL\cudaYolov8\cudaYolov8\source\process.cu" 
  
  E:\CODE\CUDA\DLL\cudaYolov8\cudaYolov8>"C:\Program Files\NVIDIA GPU Computing Toolkit\CUDA\v11.8\bin\nvcc.exe" -gencode=arch=compute_52,code=\"sm_52,compute_52\" --use-local-env -ccbin "C:\Program Files (x86)\Microsoft Visual Studio\2019\Community\VC\Tools\MSVC\14.29.30133\bin\HostX86\x64" -x cu   -IE:\CODE\CUDA\DLL\cudaYolov8\cudaYolov8\plugin -IE:\CODE\CUDA\DLL\cudaYolov8\cudaYolov8 -IE:\CODE\CUDA\DLL\cudaYolov8\cudaYolov8\include -I"E:\CODE\CUDA\TensorRT-8.6.1.6\include" -I"C:\Program Files\NVIDIA GPU Computing Toolkit\CUDA\v11.8\include" -I"C:\Program Files\NVIDIA GPU Computing Toolkit\CUDA\v11.8\include"  -G   --keep-dir x64\Debug  -maxrregcount=0  --machine 64 --compile -cudart static  -g  -DDLL_CUDAYOLOV8 -Xcompiler "/EHsc /W3 /nologo /Od /Fdx64\Debug\vc142.pdb /FS /Zi /RTC1 /MDd " -o E:\CODE\CUDA\DLL\cudaYolov8\cudaYolov8\x64\Debug\yololayer.cu.obj "E:\CODE\CUDA\DLL\cudaYolov8\cudaYolov8\plugin\yololayer.cu" 
E:\CODE\CUDA\TensorRT-8.6.1.6\include\NvInfer.h(6125): warning C4819: 该文件包含不能在当前代码页(936)中表示的字符。请将该文件保存为 Unicode 格式以防止数据丢失
E:\CODE\CUDA\TensorRT-8.6.1.6\include\NvInfer.h(6125): warning C4819: 该文件包含不能在当前代码页(936)中表示的字符。请将该文件保存为 Unicode 格式以防止数据丢失
E:\CODE\CUDA\DLL\cudaYolov8\cudaYolov8\plugin\yololayer.h(8): warning #1388-D: base class dllexport/dllimport specification differs from that of the derived class
  
E:\CODE\CUDA\DLL\cudaYolov8\cudaYolov8\plugin\yololayer.h(57): warning #997-D: function "nvinfer1::IPluginV2Ext::configurePlugin(const nvinfer1::Dims *, int32_t, const nvinfer1::Dims *, int32_t, const nvinfer1::DataType *, const nvinfer1::DataType *, const __nv_bool *, const __nv_bool *, nvinfer1::PluginFormat, int32_t)" is hidden by "nvinfer1::YoloLayerPlugin::configurePlugin" -- virtual function override intended?
  
E:\CODE\CUDA\DLL\cudaYolov8\cudaYolov8\plugin\yololayer.h(71): warning #1388-D: base class dllexport/dllimport specification differs from that of the derived class
  
E:\CODE\CUDA\DLL\cudaYolov8\cudaYolov8\plugin\yololayer.h(95): warning #1394-D: field of class type without a DLL interface used in a class with a DLL interface
  
E:\CODE\CUDA\DLL\cudaYolov8\cudaYolov8\plugin\yololayer.cu(172): warning #177-D: variable "outputElem" was declared but never referenced
  
E:\CODE\CUDA\DLL\cudaYolov8\cudaYolov8\plugin\yololayer.cu(190): warning #1390-D: dllexport/dllimport conflict with "nvinfer1::YoloPluginCreator::mFC"
  (190): here; dllexport assumed
  
E:\CODE\CUDA\DLL\cudaYolov8\cudaYolov8\plugin\yololayer.cu(191): warning #1390-D: dllexport/dllimport conflict with "nvinfer1::YoloPluginCreator::mPluginAttributes"
  (191): here; dllexport assumed
  
E:\CODE\CUDA\TensorRT-8.6.1.6\include\NvInfer.h(6125): warning C4819: 该文件包含不能在当前代码页(936)中表示的字符。请将该文件保存为 Unicode 格式以防止数据丢失
D:\Program Files\OpenCV\opencv455\include\opencv2/stitching/detail/warpers.hpp(235): warning #611-D: overloaded virtual function "cv::detail::PlaneWarper::buildMaps" is only partially overridden in class "cv::detail::AffineWarper"
  
D:\Program Files\OpenCV\opencv455\include\opencv2/stitching/detail/warpers.hpp(235): warning #611-D: overloaded virtual function "cv::detail::PlaneWarper::warp" is only partially overridden in class "cv::detail::AffineWarper"
  
D:\Program Files\OpenCV\opencv455\include\opencv2/stitching/detail/blenders.hpp(100): warning #611-D: overloaded virtual function "cv::detail::Blender::prepare" is only partially overridden in class "cv::detail::FeatherBlender"
  
D:\Program Files\OpenCV\opencv455\include\opencv2/stitching/detail/blenders.hpp(127): warning #611-D: overloaded virtual function "cv::detail::Blender::prepare" is only partially overridden in class "cv::detail::MultiBandBlender"
  
E:\CODE\CUDA\DLL\cudaYolov8\cudaYolov8\plugin\yololayer.h(8): warning #1388-D: base class dllexport/dllimport specification differs from that of the derived class
  
E:\CODE\CUDA\DLL\cudaYolov8\cudaYolov8\plugin\yololayer.h(57): warning #997-D: function "nvinfer1::IPluginV2Ext::configurePlugin(const nvinfer1::Dims *, int32_t, const nvinfer1::Dims *, int32_t, const nvinfer1::DataType *, const nvinfer1::DataType *, const bool *, const bool *, nvinfer1::PluginFormat, int32_t)" is hidden by "nvinfer1::YoloLayerPlugin::configurePlugin" -- virtual function override intended?
  
E:\CODE\CUDA\DLL\cudaYolov8\cudaYolov8\plugin\yololayer.h(71): warning #1388-D: base class dllexport/dllimport specification differs from that of the derived class
  
E:\CODE\CUDA\DLL\cudaYolov8\cudaYolov8\plugin\yololayer.h(95): warning #1394-D: field of class type without a DLL interface used in a class with a DLL interface
  
E:\CODE\CUDA\DLL\cudaYolov8\cudaYolov8\plugin\yololayer.cu(190): warning #1390-D: dllexport/dllimport conflict with "nvinfer1::YoloPluginCreator::mFC"
  (190): here; dllexport assumed
  
E:\CODE\CUDA\DLL\cudaYolov8\cudaYolov8\plugin\yololayer.cu(191): warning #1390-D: dllexport/dllimport conflict with "nvinfer1::YoloPluginCreator::mPluginAttributes"
  (191): here; dllexport assumed
  
  yololayer.cu
E:\CODE\CUDA\DLL\cudaYolov8\cudaYolov8\plugin\yololayer.h(8): warning C4275: 非 dll 接口 class“nvinfer1::IPluginV2IOExt”用作 dll 接口 class“nvinfer1::YoloLayerPlugin”的基
  E:\CODE\CUDA\TensorRT-8.6.1.6\include\NvInferRuntimePlugin.h(611): note: 参见“nvinfer1::IPluginV2IOExt”的声明
  E:\CODE\CUDA\DLL\cudaYolov8\cudaYolov8\plugin\yololayer.h(8): note: 参见“nvinfer1::YoloLayerPlugin”的声明
E:\CODE\CUDA\DLL\cudaYolov8\cudaYolov8\plugin\yololayer.h(71): warning C4275: 非 dll 接口 class“nvinfer1::IPluginCreator”用作 dll 接口 class“nvinfer1::YoloPluginCreator”的基
  E:\CODE\CUDA\TensorRT-8.6.1.6\include\NvInferRuntimePlugin.h(802): note: 参见“nvinfer1::IPluginCreator”的声明
  E:\CODE\CUDA\DLL\cudaYolov8\cudaYolov8\plugin\yololayer.h(71): note: 参见“nvinfer1::YoloPluginCreator”的声明
E:\CODE\CUDA\DLL\cudaYolov8\cudaYolov8\plugin\yololayer.h(95): warning C4251: “nvinfer1::YoloPluginCreator::mNamespace”: class“std::basic_string<char,std::char_traits<char>,std::allocator<char>>”需要有 dll 接口由 class“nvinfer1::YoloPluginCreator”的客户端使用
  C:\Program Files (x86)\Microsoft Visual Studio\2019\Community\VC\Tools\MSVC\14.29.30133\include\xstring(4871): note: 参见“std::basic_string<char,std::char_traits<char>,std::allocator<char>>”的声明
E:\CODE\CUDA\DLL\cudaYolov8\cudaYolov8\plugin\yololayer.h(97): warning C4251: “nvinfer1::YoloPluginCreator::mPluginAttributes”: class“std::vector<nvinfer1::PluginField,std::allocator<nvinfer1::PluginField>>”需要有 dll 接口由 class“nvinfer1::YoloPluginCreator”的客户端使用
  E:\CODE\CUDA\DLL\cudaYolov8\cudaYolov8\plugin\yololayer.h(97): note: 参见“std::vector<nvinfer1::PluginField,std::allocator<nvinfer1::PluginField>>”的声明
E:\CODE\CUDA\DLL\cudaYolov8\cudaYolov8\plugin\yololayer.cu(196): warning C4267: “=”: 从“size_t”转换到“int32_t”，可能丢失数据
E:\CODE\CUDA\TensorRT-8.6.1.6\include\NvInfer.h(6125): warning C4819: 该文件包含不能在当前代码页(936)中表示的字符。请将该文件保存为 Unicode 格式以防止数据丢失
D:\Program Files\OpenCV\opencv455\include\opencv2/stitching/detail/warpers.hpp(235): warning #611-D: overloaded virtual function "cv::detail::PlaneWarper::buildMaps" is only partially overridden in class "cv::detail::AffineWarper"
  
D:\Program Files\OpenCV\opencv455\include\opencv2/stitching/detail/warpers.hpp(235): warning #611-D: overloaded virtual function "cv::detail::PlaneWarper::warp" is only partially overridden in class "cv::detail::AffineWarper"
  
D:\Program Files\OpenCV\opencv455\include\opencv2/stitching/detail/blenders.hpp(100): warning #611-D: overloaded virtual function "cv::detail::Blender::prepare" is only partially overridden in class "cv::detail::FeatherBlender"
  
D:\Program Files\OpenCV\opencv455\include\opencv2/stitching/detail/blenders.hpp(127): warning #611-D: overloaded virtual function "cv::detail::Blender::prepare" is only partially overridden in class "cv::detail::MultiBandBlender"
  
  process.cu
E:\CODE\CUDA\DLL\cudaYolov8\cudaYolov8\source\process.cu(87): warning C4244: “初始化”: 从“float”转换到“int”，可能丢失数据
  cudaYolov8.cpp
E:\CODE\CUDA\TensorRT-8.6.1.6\include\NvInfer.h(6125,1): warning C4819: 该文件包含不能在当前代码页(936)中表示的字符。请将该文件保存为 Unicode 格式以防止数据丢失
E:\CODE\CUDA\DLL\cudaYolov8\cudaYolov8\cudaYolov8.h(48,29): warning C4251: “cudaYolov8::labels”: class“std::map<int,std::string,std::less<int>,std::allocator<std::pair<const int,std::string>>>”需要有 dll 接口由 class“cudaYolov8”的客户端使用
E:\CODE\CUDA\DLL\cudaYolov8\cudaYolov8\include\utils.h(19): message : 参见“std::map<int,std::string,std::less<int>,std::allocator<std::pair<const int,std::string>>>”的声明
E:\CODE\CUDA\DLL\cudaYolov8\cudaYolov8\cudaYolov8.h(53,14): warning C4251: “cudaYolov8::engine_file”: class“std::basic_string<char,std::char_traits<char>,std::allocator<char>>”需要有 dll 接口由 class“cudaYolov8”的客户端使用
C:\Program Files (x86)\Microsoft Visual Studio\2019\Community\VC\Tools\MSVC\14.29.30133\include\xstring(4871): message : 参见“std::basic_string<char,std::char_traits<char>,std::allocator<char>>”的声明
E:\CODE\CUDA\DLL\cudaYolov8\cudaYolov8\cudaYolov8.h(54,14): warning C4251: “cudaYolov8::class_file”: class“std::basic_string<char,std::char_traits<char>,std::allocator<char>>”需要有 dll 接口由 class“cudaYolov8”的客户端使用
C:\Program Files (x86)\Microsoft Visual Studio\2019\Community\VC\Tools\MSVC\14.29.30133\include\xstring(4871): message : 参见“std::basic_string<char,std::char_traits<char>,std::allocator<char>>”的声明
  dllmain.cpp
  block.cpp
E:\CODE\CUDA\TensorRT-8.6.1.6\include\NvInfer.h(6125,1): warning C4819: 该文件包含不能在当前代码页(936)中表示的字符。请将该文件保存为 Unicode 格式以防止数据丢失
E:\CODE\CUDA\DLL\cudaYolov8\cudaYolov8\plugin\yololayer.h(8,83): warning C4275: 非 dll 接口 class“nvinfer1::IPluginV2IOExt”用作 dll 接口 class“nvinfer1::YoloLayerPlugin”的基
E:\CODE\CUDA\TensorRT-8.6.1.6\include\NvInferRuntimePlugin.h(611): message : 参见“nvinfer1::IPluginV2IOExt”的声明
E:\CODE\CUDA\DLL\cudaYolov8\cudaYolov8\plugin\yololayer.h(8): message : 参见“nvinfer1::YoloLayerPlugin”的声明
E:\CODE\CUDA\DLL\cudaYolov8\cudaYolov8\plugin\yololayer.h(71,85): warning C4275: 非 dll 接口 class“nvinfer1::IPluginCreator”用作 dll 接口 class“nvinfer1::YoloPluginCreator”的基
E:\CODE\CUDA\TensorRT-8.6.1.6\include\NvInferRuntimePlugin.h(802): message : 参见“nvinfer1::IPluginCreator”的声明
E:\CODE\CUDA\DLL\cudaYolov8\cudaYolov8\plugin\yololayer.h(71): message : 参见“nvinfer1::YoloPluginCreator”的声明
E:\CODE\CUDA\DLL\cudaYolov8\cudaYolov8\plugin\yololayer.h(95,21): warning C4251: “nvinfer1::YoloPluginCreator::mNamespace”: class“std::basic_string<char,std::char_traits<char>,std::allocator<char>>”需要有 dll 接口由 class“nvinfer1::YoloPluginCreator”的客户端使用
C:\Program Files (x86)\Microsoft Visual Studio\2019\Community\VC\Tools\MSVC\14.29.30133\include\xstring(4871): message : 参见“std::basic_string<char,std::char_traits<char>,std::allocator<char>>”的声明
E:\CODE\CUDA\DLL\cudaYolov8\cudaYolov8\plugin\yololayer.h(97,41): warning C4251: “nvinfer1::YoloPluginCreator::mPluginAttributes”: class“std::vector<nvinfer1::PluginField,std::allocator<nvinfer1::PluginField>>”需要有 dll 接口由 class“nvinfer1::YoloPluginCreator”的客户端使用
E:\CODE\CUDA\DLL\cudaYolov8\cudaYolov8\plugin\yololayer.h(97): message : 参见“std::vector<nvinfer1::PluginField,std::allocator<nvinfer1::PluginField>>”的声明
E:\CODE\CUDA\DLL\cudaYolov8\cudaYolov8\source\block.cpp(47,13): warning C4244: “初始化”: 从“int64_t”转换到“int”，可能丢失数据
E:\CODE\CUDA\DLL\cudaYolov8\cudaYolov8\source\block.cpp(83,106): warning C4305: “参数”: 从“double”到“float”截断
E:\CODE\CUDA\DLL\cudaYolov8\cudaYolov8\source\block.cpp(107,12): warning C4244: “初始化”: 从“float”转换到“int”，可能丢失数据
E:\CODE\CUDA\DLL\cudaYolov8\cudaYolov8\source\block.cpp(192,90): warning C4267: “参数”: 从“size_t”转换到“int32_t”，可能丢失数据
  calibrator.cpp
E:\CODE\CUDA\TensorRT-8.6.1.6\include\NvInfer.h(6125,1): warning C4819: 该文件包含不能在当前代码页(936)中表示的字符。请将该文件保存为 Unicode 格式以防止数据丢失
E:\CODE\CUDA\DLL\cudaYolov8\cudaYolov8\source\calibrator.cpp(8,15): warning C4244: “初始化”: 从“double”转换到“float”，可能丢失数据
E:\CODE\CUDA\DLL\cudaYolov8\cudaYolov8\source\calibrator.cpp(9,15): warning C4244: “初始化”: 从“double”转换到“float”，可能丢失数据
E:\CODE\CUDA\DLL\cudaYolov8\cudaYolov8\source\calibrator.cpp(12,17): warning C4244: “=”: 从“float”转换到“int”，可能丢失数据
E:\CODE\CUDA\DLL\cudaYolov8\cudaYolov8\source\calibrator.cpp(17,17): warning C4244: “=”: 从“float”转换到“int”，可能丢失数据
  model.cpp
E:\CODE\CUDA\TensorRT-8.6.1.6\include\NvInfer.h(6125,1): warning C4819: 该文件包含不能在当前代码页(936)中表示的字符。请将该文件保存为 Unicode 格式以防止数据丢失
  utils.cpp
E:\CODE\CUDA\TensorRT-8.6.1.6\include\NvInfer.h(6125,1): warning C4819: 该文件包含不能在当前代码页(936)中表示的字符。请将该文件保存为 Unicode 格式以防止数据丢失
  正在生成代码...
    正在创建库 E:\CODE\CUDA\DLL\cudaYolov8\x64\Debug\cudaYolov8.lib 和对象 E:\CODE\CUDA\DLL\cudaYolov8\x64\Debug\cudaYolov8.exp
  cudaYolov8.vcxproj -> E:\CODE\CUDA\DLL\cudaYolov8\x64\Debug\cudaYolov8.dll
