e:\code\cuda\dll\cudayolov8\cudayolov8\x64\debug\vc142.pdb
e:\code\cuda\dll\cudayolov8\cudayolov8\x64\debug\vc142.idb
e:\code\cuda\dll\cudayolov8\cudayolov8\x64\debug\utils.obj
e:\code\cuda\dll\cudayolov8\cudayolov8\x64\debug\model.obj
e:\code\cuda\dll\cudayolov8\cudayolov8\x64\debug\calibrator.obj
e:\code\cuda\dll\cudayolov8\cudayolov8\x64\debug\block.obj
e:\code\cuda\dll\cudayolov8\cudayolov8\x64\debug\dllmain.obj
e:\code\cuda\dll\cudayolov8\cudayolov8\x64\debug\cudayolov8.obj
e:\code\cuda\dll\cudayolov8\cudayolov8\x64\debug\yololayer.cu.obj
e:\code\cuda\dll\cudayolov8\cudayolov8\x64\debug\process.cu.obj
e:\code\cuda\dll\cudayolov8\x64\debug\cudayolov8.lib
e:\code\cuda\dll\cudayolov8\x64\debug\cudayolov8.exp
e:\code\cuda\dll\cudayolov8\cudayolov8\x64\debug\cudayolov8.ilk
e:\code\cuda\dll\cudayolov8\x64\debug\cudayolov8.dll
e:\code\cuda\dll\cudayolov8\x64\debug\cudayolov8.pdb
e:\code\cuda\dll\cudayolov8\cudayolov8\x64\debug\process.cu.cache
e:\code\cuda\dll\cudayolov8\cudayolov8\x64\debug\yololayer.cu.cache
e:\code\cuda\dll\cudayolov8\cudayolov8\x64\debug\cudayolov8.tlog\cl.command.1.tlog
e:\code\cuda\dll\cudayolov8\cudayolov8\x64\debug\cudayolov8.tlog\cl.read.1.tlog
e:\code\cuda\dll\cudayolov8\cudayolov8\x64\debug\cudayolov8.tlog\cl.write.1.tlog
e:\code\cuda\dll\cudayolov8\cudayolov8\x64\debug\cudayolov8.tlog\cudacompile.read.1u.tlog
e:\code\cuda\dll\cudayolov8\cudayolov8\x64\debug\cudayolov8.tlog\cudacompile.write.1u.tlog
e:\code\cuda\dll\cudayolov8\cudayolov8\x64\debug\cudayolov8.tlog\cudayolov8.write.1u.tlog
e:\code\cuda\dll\cudayolov8\cudayolov8\x64\debug\cudayolov8.tlog\link.command.1.tlog
e:\code\cuda\dll\cudayolov8\cudayolov8\x64\debug\cudayolov8.tlog\link.read.1.tlog
e:\code\cuda\dll\cudayolov8\cudayolov8\x64\debug\cudayolov8.tlog\link.write.1.tlog
